<?xml version="1.0" encoding="UTF-8"?>
<testng-results ignored="0" total="1" passed="0" failed="1" skipped="0">
  <reporter-output>
  </reporter-output>
  <suite started-at="2024-01-01T14:22:39 IST" name="Default suite" finished-at="2024-01-01T14:22:54 IST" duration-ms="14475">
    <groups>
    </groups>
    <test started-at="2024-01-01T14:22:39 IST" name="Default test" finished-at="2024-01-01T14:22:54 IST" duration-ms="14475">
      <class name="com.banking.testcases.TC_LoginPage">
        <test-method is-config="true" signature="setUp()[pri:0, instance:com.banking.testcases.TC_LoginPage@51dcb805]" started-at="2024-01-01T14:22:39 IST" name="setUp" finished-at="2024-01-01T14:22:52 IST" duration-ms="12342" status="PASS">
          <reporter-output>
          </reporter-output>
        </test-method> <!-- setUp -->
        <test-method signature="validateWetherUserAbleToLogin()[pri:0, instance:com.banking.testcases.TC_LoginPage@51dcb805]" started-at="2024-01-01T14:22:52 IST" name="validateWetherUserAbleToLogin" finished-at="2024-01-01T14:22:54 IST" duration-ms="1797" status="FAIL">
          <exception class="java.lang.AssertionError">
            <message>
              <![CDATA[User not landing on Home Page]]>
            </message>
            <full-stacktrace>
              <![CDATA[java.lang.AssertionError: User not landing on Home Page
at org.testng.Assert.fail(Assert.java:97)
at com.banking.pageobject.LoginPage.verifyUserNavigateOnHomePage(LoginPage.java:91)
at com.banking.testcases.TC_LoginPage.validateWetherUserAbleToLogin(TC_LoginPage.java:16)
at java.base/jdk.internal.reflect.NativeMethodAccessorImpl.invoke0(Native Method)
at java.base/jdk.internal.reflect.NativeMethodAccessorImpl.invoke(NativeMethodAccessorImpl.java:77)
at java.base/jdk.internal.reflect.DelegatingMethodAccessorImpl.invoke(DelegatingMethodAccessorImpl.java:43)
at java.base/java.lang.reflect.Method.invoke(Method.java:568)
at org.testng.internal.MethodInvocationHelper.invokeMethod(MethodInvocationHelper.java:133)
at org.testng.internal.TestInvoker.invokeMethod(TestInvoker.java:584)
at org.testng.internal.TestInvoker.invokeTestMethod(TestInvoker.java:172)
at org.testng.internal.MethodRunner.runInSequence(MethodRunner.java:46)
at org.testng.internal.TestInvoker$MethodInvocationAgent.invoke(TestInvoker.java:804)
at org.testng.internal.TestInvoker.invokeTestMethods(TestInvoker.java:145)
at org.testng.internal.TestMethodWorker.invokeTestMethods(TestMethodWorker.java:146)
at org.testng.internal.TestMethodWorker.run(TestMethodWorker.java:128)
at java.base/java.util.ArrayList.forEach(ArrayList.java:1511)
at org.testng.TestRunner.privateRun(TestRunner.java:770)
at org.testng.TestRunner.run(TestRunner.java:591)
at org.testng.SuiteRunner.runTest(SuiteRunner.java:402)
at org.testng.SuiteRunner.runSequentially(SuiteRunner.java:396)
at org.testng.SuiteRunner.privateRun(SuiteRunner.java:355)
at org.testng.SuiteRunner.run(SuiteRunner.java:304)
at org.testng.SuiteRunnerWorker.runSuite(SuiteRunnerWorker.java:53)
at org.testng.SuiteRunnerWorker.run(SuiteRunnerWorker.java:96)
at org.testng.TestNG.runSuitesSequentially(TestNG.java:1180)
at org.testng.TestNG.runSuitesLocally(TestNG.java:1102)
at org.testng.TestNG.runSuites(TestNG.java:1032)
at org.testng.TestNG.run(TestNG.java:1000)
at org.testng.remote.AbstractRemoteTestNG.run(AbstractRemoteTestNG.java:115)
at org.testng.remote.RemoteTestNG.initAndRun(RemoteTestNG.java:251)
at org.testng.remote.RemoteTestNG.main(RemoteTestNG.java:77)
]]>
            </full-stacktrace>
          </exception> <!-- java.lang.AssertionError -->
          <reporter-output>
          </reporter-output>
        </test-method> <!-- validateWetherUserAbleToLogin -->
        <test-method is-config="true" signature="tearDown()[pri:0, instance:com.banking.testcases.TC_LoginPage@51dcb805]" started-at="2024-01-01T14:22:54 IST" name="tearDown" finished-at="2024-01-01T14:22:54 IST" duration-ms="281" status="PASS">
          <reporter-output>
          </reporter-output>
        </test-method> <!-- tearDown -->
      </class> <!-- com.banking.testcases.TC_LoginPage -->
    </test> <!-- Default test -->
  </suite> <!-- Default suite -->
</testng-results>
